WARNING 09/Nov/2023 14:26:30 basehttp 10924 3172 "GET /favicon.ico HTTP/1.1" 404 40227
ERROR 09/Nov/2023 14:44:20 calendar 5952 6320 User created reservation notification could not be send because user_office_email_address is not defined
ERROR 09/Nov/2023 14:44:37 calendar 5952 13500 User created reservation notification could not be send because user_office_email_address is not defined
ERROR 09/Nov/2023 14:44:47 calendar 5952 7352 User created reservation notification could not be send because user_office_email_address is not defined
ERROR 09/Nov/2023 14:46:42 calendar 5952 8820 User created reservation notification could not be send because user_office_email_address is not defined
ERROR 09/Nov/2023 14:48:31 calendar 5952 13500 User created reservation notification could not be send because user_office_email_address is not defined
ERROR 09/Nov/2023 14:48:49 calendar 5952 8820 User created reservation notification could not be send because user_office_email_address is not defined
WARNING 09/Nov/2023 14:54:03 basehttp 5952 13500 "GET /favicon.ico HTTP/1.1" 404 40404
ERROR 09/Nov/2023 15:00:00 log 9948 8708 Internal Server Error: /event_details/reservation/3/
Traceback (most recent call last):
  File "C:\OITDevEnv\Projects\NEMO_vendor\NEMO\.venv\Lib\site-packages\django\template\base.py", line 470, in parse
    compile_func = self.tags[command]
                   ~~~~~~~~~^^^^^^^^^
KeyError: 'endblock'

During handling of the above exception, another exception occurred:

Traceback (most recent call last):
  File "C:\OITDevEnv\Projects\NEMO_vendor\NEMO\.venv\Lib\site-packages\django\core\handlers\exception.py", line 47, in inner
    response = get_response(request)
               ^^^^^^^^^^^^^^^^^^^^^
  File "C:\OITDevEnv\Projects\NEMO_vendor\NEMO\.venv\Lib\site-packages\django\core\handlers\base.py", line 181, in _get_response
    response = wrapped_callback(request, *callback_args, **callback_kwargs)
               ^^^^^^^^^^^^^^^^^^^^^^^^^^^^^^^^^^^^^^^^^^^^^^^^^^^^^^^^^^^^
  File "C:\OITDevEnv\Projects\NEMO_vendor\NEMO\.venv\Lib\site-packages\django\contrib\auth\decorators.py", line 21, in _wrapped_view
    return view_func(request, *args, **kwargs)
           ^^^^^^^^^^^^^^^^^^^^^^^^^^^^^^^^^^^
  File "C:\OITDevEnv\Projects\NEMO_vendor\NEMO\.venv\Lib\site-packages\django\views\decorators\http.py", line 40, in inner
    return func(request, *args, **kwargs)
           ^^^^^^^^^^^^^^^^^^^^^^^^^^^^^^
  File "C:\OITDevEnv\Projects\NEMO_vendor\NEMO\NEMO\views\event_details.py", line 33, in reservation_details
    return render(request, "event_details/reservation_details.html", template_data)
           ^^^^^^^^^^^^^^^^^^^^^^^^^^^^^^^^^^^^^^^^^^^^^^^^^^^^^^^^^^^^^^^^^^^^^^^^
  File "C:\OITDevEnv\Projects\NEMO_vendor\NEMO\.venv\Lib\site-packages\django\shortcuts.py", line 19, in render
    content = loader.render_to_string(template_name, context, request, using=using)
              ^^^^^^^^^^^^^^^^^^^^^^^^^^^^^^^^^^^^^^^^^^^^^^^^^^^^^^^^^^^^^^^^^^^^^
  File "C:\OITDevEnv\Projects\NEMO_vendor\NEMO\.venv\Lib\site-packages\django\template\loader.py", line 61, in render_to_string
    template = get_template(template_name, using=using)
               ^^^^^^^^^^^^^^^^^^^^^^^^^^^^^^^^^^^^^^^^
  File "C:\OITDevEnv\Projects\NEMO_vendor\NEMO\.venv\Lib\site-packages\django\template\loader.py", line 15, in get_template
    return engine.get_template(template_name)
           ^^^^^^^^^^^^^^^^^^^^^^^^^^^^^^^^^^
  File "C:\OITDevEnv\Projects\NEMO_vendor\NEMO\.venv\Lib\site-packages\django\template\backends\django.py", line 34, in get_template
    return Template(self.engine.get_template(template_name), self)
                    ^^^^^^^^^^^^^^^^^^^^^^^^^^^^^^^^^^^^^^^
  File "C:\OITDevEnv\Projects\NEMO_vendor\NEMO\.venv\Lib\site-packages\django\template\engine.py", line 143, in get_template
    template, origin = self.find_template(template_name)
                       ^^^^^^^^^^^^^^^^^^^^^^^^^^^^^^^^^
  File "C:\OITDevEnv\Projects\NEMO_vendor\NEMO\.venv\Lib\site-packages\django\template\engine.py", line 125, in find_template
    template = loader.get_template(name, skip=skip)
               ^^^^^^^^^^^^^^^^^^^^^^^^^^^^^^^^^^^^
  File "C:\OITDevEnv\Projects\NEMO_vendor\NEMO\.venv\Lib\site-packages\django\template\loaders\base.py", line 29, in get_template
    return Template(
           ^^^^^^^^^
  File "C:\OITDevEnv\Projects\NEMO_vendor\NEMO\.venv\Lib\site-packages\django\template\base.py", line 155, in __init__
    self.nodelist = self.compile_nodelist()
                    ^^^^^^^^^^^^^^^^^^^^^^^
  File "C:\OITDevEnv\Projects\NEMO_vendor\NEMO\.venv\Lib\site-packages\django\template\base.py", line 193, in compile_nodelist
    return parser.parse()
           ^^^^^^^^^^^^^^
  File "C:\OITDevEnv\Projects\NEMO_vendor\NEMO\.venv\Lib\site-packages\django\template\base.py", line 478, in parse
    raise self.error(token, e)
  File "C:\OITDevEnv\Projects\NEMO_vendor\NEMO\.venv\Lib\site-packages\django\template\base.py", line 476, in parse
    compiled_result = compile_func(self, token)
                      ^^^^^^^^^^^^^^^^^^^^^^^^^
  File "C:\OITDevEnv\Projects\NEMO_vendor\NEMO\.venv\Lib\site-packages\django\template\loader_tags.py", line 278, in do_extends
    nodelist = parser.parse()
               ^^^^^^^^^^^^^^
  File "C:\OITDevEnv\Projects\NEMO_vendor\NEMO\.venv\Lib\site-packages\django\template\base.py", line 478, in parse
    raise self.error(token, e)
  File "C:\OITDevEnv\Projects\NEMO_vendor\NEMO\.venv\Lib\site-packages\django\template\base.py", line 476, in parse
    compiled_result = compile_func(self, token)
                      ^^^^^^^^^^^^^^^^^^^^^^^^^
  File "C:\OITDevEnv\Projects\NEMO_vendor\NEMO\.venv\Lib\site-packages\django\template\loader_tags.py", line 216, in do_block
    nodelist = parser.parse(('endblock',))
               ^^^^^^^^^^^^^^^^^^^^^^^^^^^
  File "C:\OITDevEnv\Projects\NEMO_vendor\NEMO\.venv\Lib\site-packages\django\template\base.py", line 478, in parse
    raise self.error(token, e)
  File "C:\OITDevEnv\Projects\NEMO_vendor\NEMO\.venv\Lib\site-packages\django\template\base.py", line 476, in parse
    compiled_result = compile_func(self, token)
                      ^^^^^^^^^^^^^^^^^^^^^^^^^
  File "C:\OITDevEnv\Projects\NEMO_vendor\NEMO\.venv\Lib\site-packages\django\template\defaulttags.py", line 968, in do_if
    nodelist = parser.parse(('elif', 'else', 'endif'))
               ^^^^^^^^^^^^^^^^^^^^^^^^^^^^^^^^^^^^^^^
  File "C:\OITDevEnv\Projects\NEMO_vendor\NEMO\.venv\Lib\site-packages\django\template\base.py", line 472, in parse
    self.invalid_block_tag(token, command, parse_until)
  File "C:\OITDevEnv\Projects\NEMO_vendor\NEMO\.venv\Lib\site-packages\django\template\base.py", line 522, in invalid_block_tag
    raise self.error(
django.template.exceptions.TemplateSyntaxError: Invalid block tag on line 273: 'endblock', expected 'elif', 'else' or 'endif'. Did you forget to register or load this tag?
ERROR 09/Nov/2023 15:00:04 basehttp 9948 8708 "GET /event_details/reservation/3/?popup_view=true HTTP/1.1" 500 218998
ERROR 09/Nov/2023 15:00:04 log 9948 3704 Internal Server Error: /event_details/reservation/3/
Traceback (most recent call last):
  File "C:\OITDevEnv\Projects\NEMO_vendor\NEMO\.venv\Lib\site-packages\django\template\base.py", line 470, in parse
    compile_func = self.tags[command]
                   ~~~~~~~~~^^^^^^^^^
KeyError: 'endblock'

During handling of the above exception, another exception occurred:

Traceback (most recent call last):
  File "C:\OITDevEnv\Projects\NEMO_vendor\NEMO\.venv\Lib\site-packages\django\core\handlers\exception.py", line 47, in inner
    response = get_response(request)
               ^^^^^^^^^^^^^^^^^^^^^
  File "C:\OITDevEnv\Projects\NEMO_vendor\NEMO\.venv\Lib\site-packages\django\core\handlers\base.py", line 181, in _get_response
    response = wrapped_callback(request, *callback_args, **callback_kwargs)
               ^^^^^^^^^^^^^^^^^^^^^^^^^^^^^^^^^^^^^^^^^^^^^^^^^^^^^^^^^^^^
  File "C:\OITDevEnv\Projects\NEMO_vendor\NEMO\.venv\Lib\site-packages\django\contrib\auth\decorators.py", line 21, in _wrapped_view
    return view_func(request, *args, **kwargs)
           ^^^^^^^^^^^^^^^^^^^^^^^^^^^^^^^^^^^
  File "C:\OITDevEnv\Projects\NEMO_vendor\NEMO\.venv\Lib\site-packages\django\views\decorators\http.py", line 40, in inner
    return func(request, *args, **kwargs)
           ^^^^^^^^^^^^^^^^^^^^^^^^^^^^^^
  File "C:\OITDevEnv\Projects\NEMO_vendor\NEMO\NEMO\views\event_details.py", line 33, in reservation_details
    return render(request, "event_details/reservation_details.html", template_data)
           ^^^^^^^^^^^^^^^^^^^^^^^^^^^^^^^^^^^^^^^^^^^^^^^^^^^^^^^^^^^^^^^^^^^^^^^^
  File "C:\OITDevEnv\Projects\NEMO_vendor\NEMO\.venv\Lib\site-packages\django\shortcuts.py", line 19, in render
    content = loader.render_to_string(template_name, context, request, using=using)
              ^^^^^^^^^^^^^^^^^^^^^^^^^^^^^^^^^^^^^^^^^^^^^^^^^^^^^^^^^^^^^^^^^^^^^
  File "C:\OITDevEnv\Projects\NEMO_vendor\NEMO\.venv\Lib\site-packages\django\template\loader.py", line 61, in render_to_string
    template = get_template(template_name, using=using)
               ^^^^^^^^^^^^^^^^^^^^^^^^^^^^^^^^^^^^^^^^
  File "C:\OITDevEnv\Projects\NEMO_vendor\NEMO\.venv\Lib\site-packages\django\template\loader.py", line 15, in get_template
    return engine.get_template(template_name)
           ^^^^^^^^^^^^^^^^^^^^^^^^^^^^^^^^^^
  File "C:\OITDevEnv\Projects\NEMO_vendor\NEMO\.venv\Lib\site-packages\django\template\backends\django.py", line 34, in get_template
    return Template(self.engine.get_template(template_name), self)
                    ^^^^^^^^^^^^^^^^^^^^^^^^^^^^^^^^^^^^^^^
  File "C:\OITDevEnv\Projects\NEMO_vendor\NEMO\.venv\Lib\site-packages\django\template\engine.py", line 143, in get_template
    template, origin = self.find_template(template_name)
                       ^^^^^^^^^^^^^^^^^^^^^^^^^^^^^^^^^
  File "C:\OITDevEnv\Projects\NEMO_vendor\NEMO\.venv\Lib\site-packages\django\template\engine.py", line 125, in find_template
    template = loader.get_template(name, skip=skip)
               ^^^^^^^^^^^^^^^^^^^^^^^^^^^^^^^^^^^^
  File "C:\OITDevEnv\Projects\NEMO_vendor\NEMO\.venv\Lib\site-packages\django\template\loaders\base.py", line 29, in get_template
    return Template(
           ^^^^^^^^^
  File "C:\OITDevEnv\Projects\NEMO_vendor\NEMO\.venv\Lib\site-packages\django\template\base.py", line 155, in __init__
    self.nodelist = self.compile_nodelist()
                    ^^^^^^^^^^^^^^^^^^^^^^^
  File "C:\OITDevEnv\Projects\NEMO_vendor\NEMO\.venv\Lib\site-packages\django\template\base.py", line 193, in compile_nodelist
    return parser.parse()
           ^^^^^^^^^^^^^^
  File "C:\OITDevEnv\Projects\NEMO_vendor\NEMO\.venv\Lib\site-packages\django\template\base.py", line 478, in parse
    raise self.error(token, e)
  File "C:\OITDevEnv\Projects\NEMO_vendor\NEMO\.venv\Lib\site-packages\django\template\base.py", line 476, in parse
    compiled_result = compile_func(self, token)
                      ^^^^^^^^^^^^^^^^^^^^^^^^^
  File "C:\OITDevEnv\Projects\NEMO_vendor\NEMO\.venv\Lib\site-packages\django\template\loader_tags.py", line 278, in do_extends
    nodelist = parser.parse()
               ^^^^^^^^^^^^^^
  File "C:\OITDevEnv\Projects\NEMO_vendor\NEMO\.venv\Lib\site-packages\django\template\base.py", line 478, in parse
    raise self.error(token, e)
  File "C:\OITDevEnv\Projects\NEMO_vendor\NEMO\.venv\Lib\site-packages\django\template\base.py", line 476, in parse
    compiled_result = compile_func(self, token)
                      ^^^^^^^^^^^^^^^^^^^^^^^^^
  File "C:\OITDevEnv\Projects\NEMO_vendor\NEMO\.venv\Lib\site-packages\django\template\loader_tags.py", line 216, in do_block
    nodelist = parser.parse(('endblock',))
               ^^^^^^^^^^^^^^^^^^^^^^^^^^^
  File "C:\OITDevEnv\Projects\NEMO_vendor\NEMO\.venv\Lib\site-packages\django\template\base.py", line 478, in parse
    raise self.error(token, e)
  File "C:\OITDevEnv\Projects\NEMO_vendor\NEMO\.venv\Lib\site-packages\django\template\base.py", line 476, in parse
    compiled_result = compile_func(self, token)
                      ^^^^^^^^^^^^^^^^^^^^^^^^^
  File "C:\OITDevEnv\Projects\NEMO_vendor\NEMO\.venv\Lib\site-packages\django\template\defaulttags.py", line 968, in do_if
    nodelist = parser.parse(('elif', 'else', 'endif'))
               ^^^^^^^^^^^^^^^^^^^^^^^^^^^^^^^^^^^^^^^
  File "C:\OITDevEnv\Projects\NEMO_vendor\NEMO\.venv\Lib\site-packages\django\template\base.py", line 472, in parse
    self.invalid_block_tag(token, command, parse_until)
  File "C:\OITDevEnv\Projects\NEMO_vendor\NEMO\.venv\Lib\site-packages\django\template\base.py", line 522, in invalid_block_tag
    raise self.error(
django.template.exceptions.TemplateSyntaxError: Invalid block tag on line 273: 'endblock', expected 'elif', 'else' or 'endif'. Did you forget to register or load this tag?
ERROR 09/Nov/2023 15:00:12 basehttp 9948 3704 "GET /event_details/reservation/3/?popup_view=true HTTP/1.1" 500 218998
ERROR 09/Nov/2023 15:00:32 calendar 9948 3704 User created reservation notification could not be send because user_office_email_address is not defined
ERROR 09/Nov/2023 15:00:37 log 9948 8972 Internal Server Error: /event_details/reservation/9/
Traceback (most recent call last):
  File "C:\OITDevEnv\Projects\NEMO_vendor\NEMO\.venv\Lib\site-packages\django\template\base.py", line 470, in parse
    compile_func = self.tags[command]
                   ~~~~~~~~~^^^^^^^^^
KeyError: 'endblock'

During handling of the above exception, another exception occurred:

Traceback (most recent call last):
  File "C:\OITDevEnv\Projects\NEMO_vendor\NEMO\.venv\Lib\site-packages\django\core\handlers\exception.py", line 47, in inner
    response = get_response(request)
               ^^^^^^^^^^^^^^^^^^^^^
  File "C:\OITDevEnv\Projects\NEMO_vendor\NEMO\.venv\Lib\site-packages\django\core\handlers\base.py", line 181, in _get_response
    response = wrapped_callback(request, *callback_args, **callback_kwargs)
               ^^^^^^^^^^^^^^^^^^^^^^^^^^^^^^^^^^^^^^^^^^^^^^^^^^^^^^^^^^^^
  File "C:\OITDevEnv\Projects\NEMO_vendor\NEMO\.venv\Lib\site-packages\django\contrib\auth\decorators.py", line 21, in _wrapped_view
    return view_func(request, *args, **kwargs)
           ^^^^^^^^^^^^^^^^^^^^^^^^^^^^^^^^^^^
  File "C:\OITDevEnv\Projects\NEMO_vendor\NEMO\.venv\Lib\site-packages\django\views\decorators\http.py", line 40, in inner
    return func(request, *args, **kwargs)
           ^^^^^^^^^^^^^^^^^^^^^^^^^^^^^^
  File "C:\OITDevEnv\Projects\NEMO_vendor\NEMO\NEMO\views\event_details.py", line 33, in reservation_details
    return render(request, "event_details/reservation_details.html", template_data)
           ^^^^^^^^^^^^^^^^^^^^^^^^^^^^^^^^^^^^^^^^^^^^^^^^^^^^^^^^^^^^^^^^^^^^^^^^
  File "C:\OITDevEnv\Projects\NEMO_vendor\NEMO\.venv\Lib\site-packages\django\shortcuts.py", line 19, in render
    content = loader.render_to_string(template_name, context, request, using=using)
              ^^^^^^^^^^^^^^^^^^^^^^^^^^^^^^^^^^^^^^^^^^^^^^^^^^^^^^^^^^^^^^^^^^^^^
  File "C:\OITDevEnv\Projects\NEMO_vendor\NEMO\.venv\Lib\site-packages\django\template\loader.py", line 61, in render_to_string
    template = get_template(template_name, using=using)
               ^^^^^^^^^^^^^^^^^^^^^^^^^^^^^^^^^^^^^^^^
  File "C:\OITDevEnv\Projects\NEMO_vendor\NEMO\.venv\Lib\site-packages\django\template\loader.py", line 15, in get_template
    return engine.get_template(template_name)
           ^^^^^^^^^^^^^^^^^^^^^^^^^^^^^^^^^^
  File "C:\OITDevEnv\Projects\NEMO_vendor\NEMO\.venv\Lib\site-packages\django\template\backends\django.py", line 34, in get_template
    return Template(self.engine.get_template(template_name), self)
                    ^^^^^^^^^^^^^^^^^^^^^^^^^^^^^^^^^^^^^^^
  File "C:\OITDevEnv\Projects\NEMO_vendor\NEMO\.venv\Lib\site-packages\django\template\engine.py", line 143, in get_template
    template, origin = self.find_template(template_name)
                       ^^^^^^^^^^^^^^^^^^^^^^^^^^^^^^^^^
  File "C:\OITDevEnv\Projects\NEMO_vendor\NEMO\.venv\Lib\site-packages\django\template\engine.py", line 125, in find_template
    template = loader.get_template(name, skip=skip)
               ^^^^^^^^^^^^^^^^^^^^^^^^^^^^^^^^^^^^
  File "C:\OITDevEnv\Projects\NEMO_vendor\NEMO\.venv\Lib\site-packages\django\template\loaders\base.py", line 29, in get_template
    return Template(
           ^^^^^^^^^
  File "C:\OITDevEnv\Projects\NEMO_vendor\NEMO\.venv\Lib\site-packages\django\template\base.py", line 155, in __init__
    self.nodelist = self.compile_nodelist()
                    ^^^^^^^^^^^^^^^^^^^^^^^
  File "C:\OITDevEnv\Projects\NEMO_vendor\NEMO\.venv\Lib\site-packages\django\template\base.py", line 193, in compile_nodelist
    return parser.parse()
           ^^^^^^^^^^^^^^
  File "C:\OITDevEnv\Projects\NEMO_vendor\NEMO\.venv\Lib\site-packages\django\template\base.py", line 478, in parse
    raise self.error(token, e)
  File "C:\OITDevEnv\Projects\NEMO_vendor\NEMO\.venv\Lib\site-packages\django\template\base.py", line 476, in parse
    compiled_result = compile_func(self, token)
                      ^^^^^^^^^^^^^^^^^^^^^^^^^
  File "C:\OITDevEnv\Projects\NEMO_vendor\NEMO\.venv\Lib\site-packages\django\template\loader_tags.py", line 278, in do_extends
    nodelist = parser.parse()
               ^^^^^^^^^^^^^^
  File "C:\OITDevEnv\Projects\NEMO_vendor\NEMO\.venv\Lib\site-packages\django\template\base.py", line 478, in parse
    raise self.error(token, e)
  File "C:\OITDevEnv\Projects\NEMO_vendor\NEMO\.venv\Lib\site-packages\django\template\base.py", line 476, in parse
    compiled_result = compile_func(self, token)
                      ^^^^^^^^^^^^^^^^^^^^^^^^^
  File "C:\OITDevEnv\Projects\NEMO_vendor\NEMO\.venv\Lib\site-packages\django\template\loader_tags.py", line 216, in do_block
    nodelist = parser.parse(('endblock',))
               ^^^^^^^^^^^^^^^^^^^^^^^^^^^
  File "C:\OITDevEnv\Projects\NEMO_vendor\NEMO\.venv\Lib\site-packages\django\template\base.py", line 478, in parse
    raise self.error(token, e)
  File "C:\OITDevEnv\Projects\NEMO_vendor\NEMO\.venv\Lib\site-packages\django\template\base.py", line 476, in parse
    compiled_result = compile_func(self, token)
                      ^^^^^^^^^^^^^^^^^^^^^^^^^
  File "C:\OITDevEnv\Projects\NEMO_vendor\NEMO\.venv\Lib\site-packages\django\template\defaulttags.py", line 968, in do_if
    nodelist = parser.parse(('elif', 'else', 'endif'))
               ^^^^^^^^^^^^^^^^^^^^^^^^^^^^^^^^^^^^^^^
  File "C:\OITDevEnv\Projects\NEMO_vendor\NEMO\.venv\Lib\site-packages\django\template\base.py", line 472, in parse
    self.invalid_block_tag(token, command, parse_until)
  File "C:\OITDevEnv\Projects\NEMO_vendor\NEMO\.venv\Lib\site-packages\django\template\base.py", line 522, in invalid_block_tag
    raise self.error(
django.template.exceptions.TemplateSyntaxError: Invalid block tag on line 273: 'endblock', expected 'elif', 'else' or 'endif'. Did you forget to register or load this tag?
ERROR 09/Nov/2023 15:00:41 basehttp 9948 8972 "GET /event_details/reservation/9/?popup_view=true HTTP/1.1" 500 218998
ERROR 09/Nov/2023 15:00:42 log 9948 3704 Internal Server Error: /event_details/reservation/9/
Traceback (most recent call last):
  File "C:\OITDevEnv\Projects\NEMO_vendor\NEMO\.venv\Lib\site-packages\django\template\base.py", line 470, in parse
    compile_func = self.tags[command]
                   ~~~~~~~~~^^^^^^^^^
KeyError: 'endblock'

During handling of the above exception, another exception occurred:

Traceback (most recent call last):
  File "C:\OITDevEnv\Projects\NEMO_vendor\NEMO\.venv\Lib\site-packages\django\core\handlers\exception.py", line 47, in inner
    response = get_response(request)
               ^^^^^^^^^^^^^^^^^^^^^
  File "C:\OITDevEnv\Projects\NEMO_vendor\NEMO\.venv\Lib\site-packages\django\core\handlers\base.py", line 181, in _get_response
    response = wrapped_callback(request, *callback_args, **callback_kwargs)
               ^^^^^^^^^^^^^^^^^^^^^^^^^^^^^^^^^^^^^^^^^^^^^^^^^^^^^^^^^^^^
  File "C:\OITDevEnv\Projects\NEMO_vendor\NEMO\.venv\Lib\site-packages\django\contrib\auth\decorators.py", line 21, in _wrapped_view
    return view_func(request, *args, **kwargs)
           ^^^^^^^^^^^^^^^^^^^^^^^^^^^^^^^^^^^
  File "C:\OITDevEnv\Projects\NEMO_vendor\NEMO\.venv\Lib\site-packages\django\views\decorators\http.py", line 40, in inner
    return func(request, *args, **kwargs)
           ^^^^^^^^^^^^^^^^^^^^^^^^^^^^^^
  File "C:\OITDevEnv\Projects\NEMO_vendor\NEMO\NEMO\views\event_details.py", line 33, in reservation_details
    return render(request, "event_details/reservation_details.html", template_data)
           ^^^^^^^^^^^^^^^^^^^^^^^^^^^^^^^^^^^^^^^^^^^^^^^^^^^^^^^^^^^^^^^^^^^^^^^^
  File "C:\OITDevEnv\Projects\NEMO_vendor\NEMO\.venv\Lib\site-packages\django\shortcuts.py", line 19, in render
    content = loader.render_to_string(template_name, context, request, using=using)
              ^^^^^^^^^^^^^^^^^^^^^^^^^^^^^^^^^^^^^^^^^^^^^^^^^^^^^^^^^^^^^^^^^^^^^
  File "C:\OITDevEnv\Projects\NEMO_vendor\NEMO\.venv\Lib\site-packages\django\template\loader.py", line 61, in render_to_string
    template = get_template(template_name, using=using)
               ^^^^^^^^^^^^^^^^^^^^^^^^^^^^^^^^^^^^^^^^
  File "C:\OITDevEnv\Projects\NEMO_vendor\NEMO\.venv\Lib\site-packages\django\template\loader.py", line 15, in get_template
    return engine.get_template(template_name)
           ^^^^^^^^^^^^^^^^^^^^^^^^^^^^^^^^^^
  File "C:\OITDevEnv\Projects\NEMO_vendor\NEMO\.venv\Lib\site-packages\django\template\backends\django.py", line 34, in get_template
    return Template(self.engine.get_template(template_name), self)
                    ^^^^^^^^^^^^^^^^^^^^^^^^^^^^^^^^^^^^^^^
  File "C:\OITDevEnv\Projects\NEMO_vendor\NEMO\.venv\Lib\site-packages\django\template\engine.py", line 143, in get_template
    template, origin = self.find_template(template_name)
                       ^^^^^^^^^^^^^^^^^^^^^^^^^^^^^^^^^
  File "C:\OITDevEnv\Projects\NEMO_vendor\NEMO\.venv\Lib\site-packages\django\template\engine.py", line 125, in find_template
    template = loader.get_template(name, skip=skip)
               ^^^^^^^^^^^^^^^^^^^^^^^^^^^^^^^^^^^^
  File "C:\OITDevEnv\Projects\NEMO_vendor\NEMO\.venv\Lib\site-packages\django\template\loaders\base.py", line 29, in get_template
    return Template(
           ^^^^^^^^^
  File "C:\OITDevEnv\Projects\NEMO_vendor\NEMO\.venv\Lib\site-packages\django\template\base.py", line 155, in __init__
    self.nodelist = self.compile_nodelist()
                    ^^^^^^^^^^^^^^^^^^^^^^^
  File "C:\OITDevEnv\Projects\NEMO_vendor\NEMO\.venv\Lib\site-packages\django\template\base.py", line 193, in compile_nodelist
    return parser.parse()
           ^^^^^^^^^^^^^^
  File "C:\OITDevEnv\Projects\NEMO_vendor\NEMO\.venv\Lib\site-packages\django\template\base.py", line 478, in parse
    raise self.error(token, e)
  File "C:\OITDevEnv\Projects\NEMO_vendor\NEMO\.venv\Lib\site-packages\django\template\base.py", line 476, in parse
    compiled_result = compile_func(self, token)
                      ^^^^^^^^^^^^^^^^^^^^^^^^^
  File "C:\OITDevEnv\Projects\NEMO_vendor\NEMO\.venv\Lib\site-packages\django\template\loader_tags.py", line 278, in do_extends
    nodelist = parser.parse()
               ^^^^^^^^^^^^^^
  File "C:\OITDevEnv\Projects\NEMO_vendor\NEMO\.venv\Lib\site-packages\django\template\base.py", line 478, in parse
    raise self.error(token, e)
  File "C:\OITDevEnv\Projects\NEMO_vendor\NEMO\.venv\Lib\site-packages\django\template\base.py", line 476, in parse
    compiled_result = compile_func(self, token)
                      ^^^^^^^^^^^^^^^^^^^^^^^^^
  File "C:\OITDevEnv\Projects\NEMO_vendor\NEMO\.venv\Lib\site-packages\django\template\loader_tags.py", line 216, in do_block
    nodelist = parser.parse(('endblock',))
               ^^^^^^^^^^^^^^^^^^^^^^^^^^^
  File "C:\OITDevEnv\Projects\NEMO_vendor\NEMO\.venv\Lib\site-packages\django\template\base.py", line 478, in parse
    raise self.error(token, e)
  File "C:\OITDevEnv\Projects\NEMO_vendor\NEMO\.venv\Lib\site-packages\django\template\base.py", line 476, in parse
    compiled_result = compile_func(self, token)
                      ^^^^^^^^^^^^^^^^^^^^^^^^^
  File "C:\OITDevEnv\Projects\NEMO_vendor\NEMO\.venv\Lib\site-packages\django\template\defaulttags.py", line 968, in do_if
    nodelist = parser.parse(('elif', 'else', 'endif'))
               ^^^^^^^^^^^^^^^^^^^^^^^^^^^^^^^^^^^^^^^
  File "C:\OITDevEnv\Projects\NEMO_vendor\NEMO\.venv\Lib\site-packages\django\template\base.py", line 472, in parse
    self.invalid_block_tag(token, command, parse_until)
  File "C:\OITDevEnv\Projects\NEMO_vendor\NEMO\.venv\Lib\site-packages\django\template\base.py", line 522, in invalid_block_tag
    raise self.error(
django.template.exceptions.TemplateSyntaxError: Invalid block tag on line 273: 'endblock', expected 'elif', 'else' or 'endif'. Did you forget to register or load this tag?
ERROR 09/Nov/2023 15:00:50 basehttp 9948 3704 "GET /event_details/reservation/9/?popup_view=true HTTP/1.1" 500 218998
ERROR 09/Nov/2023 15:01:21 calendar 9948 3704 User created reservation notification could not be send because user_office_email_address is not defined
ERROR 09/Nov/2023 15:03:38 calendar 9948 3704 User created reservation notification could not be send because user_office_email_address is not defined
ERROR 09/Nov/2023 15:03:47 calendar 9948 8708 User created reservation notification could not be send because user_office_email_address is not defined
ERROR 09/Nov/2023 15:03:52 calendar 9948 3704 User created reservation notification could not be send because user_office_email_address is not defined
ERROR 09/Nov/2023 15:04:11 calendar 9948 8708 User created reservation notification could not be send because user_office_email_address is not defined
WARNING 09/Nov/2023 15:06:39 basehttp 9948 6708 "GET /favicon.ico HTTP/1.1" 404 40404
ERROR 09/Nov/2023 15:31:46 log 9948 4844 Internal Server Error: /event_details/reservation/9/
Traceback (most recent call last):
  File "C:\OITDevEnv\Projects\NEMO_vendor\NEMO\.venv\Lib\site-packages\django\core\handlers\exception.py", line 47, in inner
    response = get_response(request)
               ^^^^^^^^^^^^^^^^^^^^^
  File "C:\OITDevEnv\Projects\NEMO_vendor\NEMO\.venv\Lib\site-packages\django\core\handlers\base.py", line 181, in _get_response
    response = wrapped_callback(request, *callback_args, **callback_kwargs)
               ^^^^^^^^^^^^^^^^^^^^^^^^^^^^^^^^^^^^^^^^^^^^^^^^^^^^^^^^^^^^
  File "C:\OITDevEnv\Projects\NEMO_vendor\NEMO\.venv\Lib\site-packages\django\contrib\auth\decorators.py", line 21, in _wrapped_view
    return view_func(request, *args, **kwargs)
           ^^^^^^^^^^^^^^^^^^^^^^^^^^^^^^^^^^^
  File "C:\OITDevEnv\Projects\NEMO_vendor\NEMO\.venv\Lib\site-packages\django\views\decorators\http.py", line 40, in inner
    return func(request, *args, **kwargs)
           ^^^^^^^^^^^^^^^^^^^^^^^^^^^^^^
  File "C:\OITDevEnv\Projects\NEMO_vendor\NEMO\NEMO\views\event_details.py", line 33, in reservation_details
    return render(request, "event_details/reservation_details.html", template_data)
           ^^^^^^^^^^^^^^^^^^^^^^^^^^^^^^^^^^^^^^^^^^^^^^^^^^^^^^^^^^^^^^^^^^^^^^^^
  File "C:\OITDevEnv\Projects\NEMO_vendor\NEMO\.venv\Lib\site-packages\django\shortcuts.py", line 19, in render
    content = loader.render_to_string(template_name, context, request, using=using)
              ^^^^^^^^^^^^^^^^^^^^^^^^^^^^^^^^^^^^^^^^^^^^^^^^^^^^^^^^^^^^^^^^^^^^^
  File "C:\OITDevEnv\Projects\NEMO_vendor\NEMO\.venv\Lib\site-packages\django\template\loader.py", line 62, in render_to_string
    return template.render(context, request)
           ^^^^^^^^^^^^^^^^^^^^^^^^^^^^^^^^^
  File "C:\OITDevEnv\Projects\NEMO_vendor\NEMO\.venv\Lib\site-packages\django\template\backends\django.py", line 61, in render
    return self.template.render(context)
           ^^^^^^^^^^^^^^^^^^^^^^^^^^^^^
  File "C:\OITDevEnv\Projects\NEMO_vendor\NEMO\.venv\Lib\site-packages\django\template\base.py", line 170, in render
    return self._render(context)
           ^^^^^^^^^^^^^^^^^^^^^
  File "C:\OITDevEnv\Projects\NEMO_vendor\NEMO\.venv\Lib\site-packages\django\template\base.py", line 162, in _render
    return self.nodelist.render(context)
           ^^^^^^^^^^^^^^^^^^^^^^^^^^^^^
  File "C:\OITDevEnv\Projects\NEMO_vendor\NEMO\.venv\Lib\site-packages\django\template\base.py", line 938, in render
    bit = node.render_annotated(context)
          ^^^^^^^^^^^^^^^^^^^^^^^^^^^^^^
  File "C:\OITDevEnv\Projects\NEMO_vendor\NEMO\.venv\Lib\site-packages\django\template\base.py", line 905, in render_annotated
    return self.render(context)
           ^^^^^^^^^^^^^^^^^^^^
  File "C:\OITDevEnv\Projects\NEMO_vendor\NEMO\.venv\Lib\site-packages\django\template\loader_tags.py", line 150, in render
    return compiled_parent._render(context)
           ^^^^^^^^^^^^^^^^^^^^^^^^^^^^^^^^
  File "C:\OITDevEnv\Projects\NEMO_vendor\NEMO\.venv\Lib\site-packages\django\template\base.py", line 162, in _render
    return self.nodelist.render(context)
           ^^^^^^^^^^^^^^^^^^^^^^^^^^^^^
  File "C:\OITDevEnv\Projects\NEMO_vendor\NEMO\.venv\Lib\site-packages\django\template\base.py", line 938, in render
    bit = node.render_annotated(context)
          ^^^^^^^^^^^^^^^^^^^^^^^^^^^^^^
  File "C:\OITDevEnv\Projects\NEMO_vendor\NEMO\.venv\Lib\site-packages\django\template\base.py", line 905, in render_annotated
    return self.render(context)
           ^^^^^^^^^^^^^^^^^^^^
  File "C:\OITDevEnv\Projects\NEMO_vendor\NEMO\.venv\Lib\site-packages\django\template\loader_tags.py", line 62, in render
    result = block.nodelist.render(context)
             ^^^^^^^^^^^^^^^^^^^^^^^^^^^^^^
  File "C:\OITDevEnv\Projects\NEMO_vendor\NEMO\.venv\Lib\site-packages\django\template\base.py", line 938, in render
    bit = node.render_annotated(context)
          ^^^^^^^^^^^^^^^^^^^^^^^^^^^^^^
  File "C:\OITDevEnv\Projects\NEMO_vendor\NEMO\.venv\Lib\site-packages\django\template\base.py", line 905, in render_annotated
    return self.render(context)
           ^^^^^^^^^^^^^^^^^^^^
  File "C:\OITDevEnv\Projects\NEMO_vendor\NEMO\.venv\Lib\site-packages\django\template\base.py", line 988, in render
    output = self.filter_expression.resolve(context)
             ^^^^^^^^^^^^^^^^^^^^^^^^^^^^^^^^^^^^^^^
  File "C:\OITDevEnv\Projects\NEMO_vendor\NEMO\.venv\Lib\site-packages\django\template\base.py", line 671, in resolve
    obj = self.var.resolve(context)
          ^^^^^^^^^^^^^^^^^^^^^^^^^
  File "C:\OITDevEnv\Projects\NEMO_vendor\NEMO\.venv\Lib\site-packages\django\template\base.py", line 796, in resolve
    value = self._resolve_lookup(context)
            ^^^^^^^^^^^^^^^^^^^^^^^^^^^^^
  File "C:\OITDevEnv\Projects\NEMO_vendor\NEMO\.venv\Lib\site-packages\django\template\base.py", line 858, in _resolve_lookup
    current = current()
              ^^^^^^^^^
  File "C:\OITDevEnv\Projects\NEMO_vendor\NEMO\NEMO\models.py", line 2524, in can_swap_user
    if "TEM-" in self.tool.name:
                 ^^^^^^^^^^^^^^
AttributeError: 'NoneType' object has no attribute 'name'
ERROR 09/Nov/2023 15:31:50 basehttp 9948 4844 "GET /event_details/reservation/9/?popup_view=true HTTP/1.1" 500 189922
ERROR 09/Nov/2023 15:31:51 log 9948 1572 Internal Server Error: /event_details/reservation/9/
Traceback (most recent call last):
  File "C:\OITDevEnv\Projects\NEMO_vendor\NEMO\.venv\Lib\site-packages\django\core\handlers\exception.py", line 47, in inner
    response = get_response(request)
               ^^^^^^^^^^^^^^^^^^^^^
  File "C:\OITDevEnv\Projects\NEMO_vendor\NEMO\.venv\Lib\site-packages\django\core\handlers\base.py", line 181, in _get_response
    response = wrapped_callback(request, *callback_args, **callback_kwargs)
               ^^^^^^^^^^^^^^^^^^^^^^^^^^^^^^^^^^^^^^^^^^^^^^^^^^^^^^^^^^^^
  File "C:\OITDevEnv\Projects\NEMO_vendor\NEMO\.venv\Lib\site-packages\django\contrib\auth\decorators.py", line 21, in _wrapped_view
    return view_func(request, *args, **kwargs)
           ^^^^^^^^^^^^^^^^^^^^^^^^^^^^^^^^^^^
  File "C:\OITDevEnv\Projects\NEMO_vendor\NEMO\.venv\Lib\site-packages\django\views\decorators\http.py", line 40, in inner
    return func(request, *args, **kwargs)
           ^^^^^^^^^^^^^^^^^^^^^^^^^^^^^^
  File "C:\OITDevEnv\Projects\NEMO_vendor\NEMO\NEMO\views\event_details.py", line 33, in reservation_details
    return render(request, "event_details/reservation_details.html", template_data)
           ^^^^^^^^^^^^^^^^^^^^^^^^^^^^^^^^^^^^^^^^^^^^^^^^^^^^^^^^^^^^^^^^^^^^^^^^
  File "C:\OITDevEnv\Projects\NEMO_vendor\NEMO\.venv\Lib\site-packages\django\shortcuts.py", line 19, in render
    content = loader.render_to_string(template_name, context, request, using=using)
              ^^^^^^^^^^^^^^^^^^^^^^^^^^^^^^^^^^^^^^^^^^^^^^^^^^^^^^^^^^^^^^^^^^^^^
  File "C:\OITDevEnv\Projects\NEMO_vendor\NEMO\.venv\Lib\site-packages\django\template\loader.py", line 62, in render_to_string
    return template.render(context, request)
           ^^^^^^^^^^^^^^^^^^^^^^^^^^^^^^^^^
  File "C:\OITDevEnv\Projects\NEMO_vendor\NEMO\.venv\Lib\site-packages\django\template\backends\django.py", line 61, in render
    return self.template.render(context)
           ^^^^^^^^^^^^^^^^^^^^^^^^^^^^^
  File "C:\OITDevEnv\Projects\NEMO_vendor\NEMO\.venv\Lib\site-packages\django\template\base.py", line 170, in render
    return self._render(context)
           ^^^^^^^^^^^^^^^^^^^^^
  File "C:\OITDevEnv\Projects\NEMO_vendor\NEMO\.venv\Lib\site-packages\django\template\base.py", line 162, in _render
    return self.nodelist.render(context)
           ^^^^^^^^^^^^^^^^^^^^^^^^^^^^^
  File "C:\OITDevEnv\Projects\NEMO_vendor\NEMO\.venv\Lib\site-packages\django\template\base.py", line 938, in render
    bit = node.render_annotated(context)
          ^^^^^^^^^^^^^^^^^^^^^^^^^^^^^^
  File "C:\OITDevEnv\Projects\NEMO_vendor\NEMO\.venv\Lib\site-packages\django\template\base.py", line 905, in render_annotated
    return self.render(context)
           ^^^^^^^^^^^^^^^^^^^^
  File "C:\OITDevEnv\Projects\NEMO_vendor\NEMO\.venv\Lib\site-packages\django\template\loader_tags.py", line 150, in render
    return compiled_parent._render(context)
           ^^^^^^^^^^^^^^^^^^^^^^^^^^^^^^^^
  File "C:\OITDevEnv\Projects\NEMO_vendor\NEMO\.venv\Lib\site-packages\django\template\base.py", line 162, in _render
    return self.nodelist.render(context)
           ^^^^^^^^^^^^^^^^^^^^^^^^^^^^^
  File "C:\OITDevEnv\Projects\NEMO_vendor\NEMO\.venv\Lib\site-packages\django\template\base.py", line 938, in render
    bit = node.render_annotated(context)
          ^^^^^^^^^^^^^^^^^^^^^^^^^^^^^^
  File "C:\OITDevEnv\Projects\NEMO_vendor\NEMO\.venv\Lib\site-packages\django\template\base.py", line 905, in render_annotated
    return self.render(context)
           ^^^^^^^^^^^^^^^^^^^^
  File "C:\OITDevEnv\Projects\NEMO_vendor\NEMO\.venv\Lib\site-packages\django\template\loader_tags.py", line 62, in render
    result = block.nodelist.render(context)
             ^^^^^^^^^^^^^^^^^^^^^^^^^^^^^^
  File "C:\OITDevEnv\Projects\NEMO_vendor\NEMO\.venv\Lib\site-packages\django\template\base.py", line 938, in render
    bit = node.render_annotated(context)
          ^^^^^^^^^^^^^^^^^^^^^^^^^^^^^^
  File "C:\OITDevEnv\Projects\NEMO_vendor\NEMO\.venv\Lib\site-packages\django\template\base.py", line 905, in render_annotated
    return self.render(context)
           ^^^^^^^^^^^^^^^^^^^^
  File "C:\OITDevEnv\Projects\NEMO_vendor\NEMO\.venv\Lib\site-packages\django\template\base.py", line 988, in render
    output = self.filter_expression.resolve(context)
             ^^^^^^^^^^^^^^^^^^^^^^^^^^^^^^^^^^^^^^^
  File "C:\OITDevEnv\Projects\NEMO_vendor\NEMO\.venv\Lib\site-packages\django\template\base.py", line 671, in resolve
    obj = self.var.resolve(context)
          ^^^^^^^^^^^^^^^^^^^^^^^^^
  File "C:\OITDevEnv\Projects\NEMO_vendor\NEMO\.venv\Lib\site-packages\django\template\base.py", line 796, in resolve
    value = self._resolve_lookup(context)
            ^^^^^^^^^^^^^^^^^^^^^^^^^^^^^
  File "C:\OITDevEnv\Projects\NEMO_vendor\NEMO\.venv\Lib\site-packages\django\template\base.py", line 858, in _resolve_lookup
    current = current()
              ^^^^^^^^^
  File "C:\OITDevEnv\Projects\NEMO_vendor\NEMO\NEMO\models.py", line 2524, in can_swap_user
    if "TEM-" in self.tool.name:
                 ^^^^^^^^^^^^^^
AttributeError: 'NoneType' object has no attribute 'name'
ERROR 09/Nov/2023 15:31:54 log 9948 4844 Internal Server Error: /event_details/reservation/10/
Traceback (most recent call last):
  File "C:\OITDevEnv\Projects\NEMO_vendor\NEMO\.venv\Lib\site-packages\django\core\handlers\exception.py", line 47, in inner
    response = get_response(request)
               ^^^^^^^^^^^^^^^^^^^^^
  File "C:\OITDevEnv\Projects\NEMO_vendor\NEMO\.venv\Lib\site-packages\django\core\handlers\base.py", line 181, in _get_response
    response = wrapped_callback(request, *callback_args, **callback_kwargs)
               ^^^^^^^^^^^^^^^^^^^^^^^^^^^^^^^^^^^^^^^^^^^^^^^^^^^^^^^^^^^^
  File "C:\OITDevEnv\Projects\NEMO_vendor\NEMO\.venv\Lib\site-packages\django\contrib\auth\decorators.py", line 21, in _wrapped_view
    return view_func(request, *args, **kwargs)
           ^^^^^^^^^^^^^^^^^^^^^^^^^^^^^^^^^^^
  File "C:\OITDevEnv\Projects\NEMO_vendor\NEMO\.venv\Lib\site-packages\django\views\decorators\http.py", line 40, in inner
    return func(request, *args, **kwargs)
           ^^^^^^^^^^^^^^^^^^^^^^^^^^^^^^
  File "C:\OITDevEnv\Projects\NEMO_vendor\NEMO\NEMO\views\event_details.py", line 33, in reservation_details
    return render(request, "event_details/reservation_details.html", template_data)
           ^^^^^^^^^^^^^^^^^^^^^^^^^^^^^^^^^^^^^^^^^^^^^^^^^^^^^^^^^^^^^^^^^^^^^^^^
  File "C:\OITDevEnv\Projects\NEMO_vendor\NEMO\.venv\Lib\site-packages\django\shortcuts.py", line 19, in render
    content = loader.render_to_string(template_name, context, request, using=using)
              ^^^^^^^^^^^^^^^^^^^^^^^^^^^^^^^^^^^^^^^^^^^^^^^^^^^^^^^^^^^^^^^^^^^^^
  File "C:\OITDevEnv\Projects\NEMO_vendor\NEMO\.venv\Lib\site-packages\django\template\loader.py", line 62, in render_to_string
    return template.render(context, request)
           ^^^^^^^^^^^^^^^^^^^^^^^^^^^^^^^^^
  File "C:\OITDevEnv\Projects\NEMO_vendor\NEMO\.venv\Lib\site-packages\django\template\backends\django.py", line 61, in render
    return self.template.render(context)
           ^^^^^^^^^^^^^^^^^^^^^^^^^^^^^
  File "C:\OITDevEnv\Projects\NEMO_vendor\NEMO\.venv\Lib\site-packages\django\template\base.py", line 170, in render
    return self._render(context)
           ^^^^^^^^^^^^^^^^^^^^^
  File "C:\OITDevEnv\Projects\NEMO_vendor\NEMO\.venv\Lib\site-packages\django\template\base.py", line 162, in _render
    return self.nodelist.render(context)
           ^^^^^^^^^^^^^^^^^^^^^^^^^^^^^
  File "C:\OITDevEnv\Projects\NEMO_vendor\NEMO\.venv\Lib\site-packages\django\template\base.py", line 938, in render
    bit = node.render_annotated(context)
          ^^^^^^^^^^^^^^^^^^^^^^^^^^^^^^
  File "C:\OITDevEnv\Projects\NEMO_vendor\NEMO\.venv\Lib\site-packages\django\template\base.py", line 905, in render_annotated
    return self.render(context)
           ^^^^^^^^^^^^^^^^^^^^
  File "C:\OITDevEnv\Projects\NEMO_vendor\NEMO\.venv\Lib\site-packages\django\template\loader_tags.py", line 150, in render
    return compiled_parent._render(context)
           ^^^^^^^^^^^^^^^^^^^^^^^^^^^^^^^^
  File "C:\OITDevEnv\Projects\NEMO_vendor\NEMO\.venv\Lib\site-packages\django\template\base.py", line 162, in _render
    return self.nodelist.render(context)
           ^^^^^^^^^^^^^^^^^^^^^^^^^^^^^
  File "C:\OITDevEnv\Projects\NEMO_vendor\NEMO\.venv\Lib\site-packages\django\template\base.py", line 938, in render
    bit = node.render_annotated(context)
          ^^^^^^^^^^^^^^^^^^^^^^^^^^^^^^
  File "C:\OITDevEnv\Projects\NEMO_vendor\NEMO\.venv\Lib\site-packages\django\template\base.py", line 905, in render_annotated
    return self.render(context)
           ^^^^^^^^^^^^^^^^^^^^
  File "C:\OITDevEnv\Projects\NEMO_vendor\NEMO\.venv\Lib\site-packages\django\template\loader_tags.py", line 62, in render
    result = block.nodelist.render(context)
             ^^^^^^^^^^^^^^^^^^^^^^^^^^^^^^
  File "C:\OITDevEnv\Projects\NEMO_vendor\NEMO\.venv\Lib\site-packages\django\template\base.py", line 938, in render
    bit = node.render_annotated(context)
          ^^^^^^^^^^^^^^^^^^^^^^^^^^^^^^
  File "C:\OITDevEnv\Projects\NEMO_vendor\NEMO\.venv\Lib\site-packages\django\template\base.py", line 905, in render_annotated
    return self.render(context)
           ^^^^^^^^^^^^^^^^^^^^
  File "C:\OITDevEnv\Projects\NEMO_vendor\NEMO\.venv\Lib\site-packages\django\template\base.py", line 988, in render
    output = self.filter_expression.resolve(context)
             ^^^^^^^^^^^^^^^^^^^^^^^^^^^^^^^^^^^^^^^
  File "C:\OITDevEnv\Projects\NEMO_vendor\NEMO\.venv\Lib\site-packages\django\template\base.py", line 671, in resolve
    obj = self.var.resolve(context)
          ^^^^^^^^^^^^^^^^^^^^^^^^^
  File "C:\OITDevEnv\Projects\NEMO_vendor\NEMO\.venv\Lib\site-packages\django\template\base.py", line 796, in resolve
    value = self._resolve_lookup(context)
            ^^^^^^^^^^^^^^^^^^^^^^^^^^^^^
  File "C:\OITDevEnv\Projects\NEMO_vendor\NEMO\.venv\Lib\site-packages\django\template\base.py", line 858, in _resolve_lookup
    current = current()
              ^^^^^^^^^
  File "C:\OITDevEnv\Projects\NEMO_vendor\NEMO\NEMO\models.py", line 2524, in can_swap_user
    if "TEM-" in self.tool.name:
                 ^^^^^^^^^^^^^^
AttributeError: 'NoneType' object has no attribute 'name'
ERROR 09/Nov/2023 15:31:58 basehttp 9948 1572 "GET /event_details/reservation/9/?popup_view=true HTTP/1.1" 500 189922
ERROR 09/Nov/2023 15:31:58 log 9948 15312 Internal Server Error: /event_details/reservation/9/
Traceback (most recent call last):
  File "C:\OITDevEnv\Projects\NEMO_vendor\NEMO\.venv\Lib\site-packages\django\core\handlers\exception.py", line 47, in inner
    response = get_response(request)
               ^^^^^^^^^^^^^^^^^^^^^
  File "C:\OITDevEnv\Projects\NEMO_vendor\NEMO\.venv\Lib\site-packages\django\core\handlers\base.py", line 181, in _get_response
    response = wrapped_callback(request, *callback_args, **callback_kwargs)
               ^^^^^^^^^^^^^^^^^^^^^^^^^^^^^^^^^^^^^^^^^^^^^^^^^^^^^^^^^^^^
  File "C:\OITDevEnv\Projects\NEMO_vendor\NEMO\.venv\Lib\site-packages\django\contrib\auth\decorators.py", line 21, in _wrapped_view
    return view_func(request, *args, **kwargs)
           ^^^^^^^^^^^^^^^^^^^^^^^^^^^^^^^^^^^
  File "C:\OITDevEnv\Projects\NEMO_vendor\NEMO\.venv\Lib\site-packages\django\views\decorators\http.py", line 40, in inner
    return func(request, *args, **kwargs)
           ^^^^^^^^^^^^^^^^^^^^^^^^^^^^^^
  File "C:\OITDevEnv\Projects\NEMO_vendor\NEMO\NEMO\views\event_details.py", line 33, in reservation_details
    return render(request, "event_details/reservation_details.html", template_data)
           ^^^^^^^^^^^^^^^^^^^^^^^^^^^^^^^^^^^^^^^^^^^^^^^^^^^^^^^^^^^^^^^^^^^^^^^^
  File "C:\OITDevEnv\Projects\NEMO_vendor\NEMO\.venv\Lib\site-packages\django\shortcuts.py", line 19, in render
    content = loader.render_to_string(template_name, context, request, using=using)
              ^^^^^^^^^^^^^^^^^^^^^^^^^^^^^^^^^^^^^^^^^^^^^^^^^^^^^^^^^^^^^^^^^^^^^
  File "C:\OITDevEnv\Projects\NEMO_vendor\NEMO\.venv\Lib\site-packages\django\template\loader.py", line 62, in render_to_string
    return template.render(context, request)
           ^^^^^^^^^^^^^^^^^^^^^^^^^^^^^^^^^
  File "C:\OITDevEnv\Projects\NEMO_vendor\NEMO\.venv\Lib\site-packages\django\template\backends\django.py", line 61, in render
    return self.template.render(context)
           ^^^^^^^^^^^^^^^^^^^^^^^^^^^^^
  File "C:\OITDevEnv\Projects\NEMO_vendor\NEMO\.venv\Lib\site-packages\django\template\base.py", line 170, in render
    return self._render(context)
           ^^^^^^^^^^^^^^^^^^^^^
  File "C:\OITDevEnv\Projects\NEMO_vendor\NEMO\.venv\Lib\site-packages\django\template\base.py", line 162, in _render
    return self.nodelist.render(context)
           ^^^^^^^^^^^^^^^^^^^^^^^^^^^^^
  File "C:\OITDevEnv\Projects\NEMO_vendor\NEMO\.venv\Lib\site-packages\django\template\base.py", line 938, in render
    bit = node.render_annotated(context)
          ^^^^^^^^^^^^^^^^^^^^^^^^^^^^^^
  File "C:\OITDevEnv\Projects\NEMO_vendor\NEMO\.venv\Lib\site-packages\django\template\base.py", line 905, in render_annotated
    return self.render(context)
           ^^^^^^^^^^^^^^^^^^^^
  File "C:\OITDevEnv\Projects\NEMO_vendor\NEMO\.venv\Lib\site-packages\django\template\loader_tags.py", line 150, in render
    return compiled_parent._render(context)
           ^^^^^^^^^^^^^^^^^^^^^^^^^^^^^^^^
  File "C:\OITDevEnv\Projects\NEMO_vendor\NEMO\.venv\Lib\site-packages\django\template\base.py", line 162, in _render
    return self.nodelist.render(context)
           ^^^^^^^^^^^^^^^^^^^^^^^^^^^^^
  File "C:\OITDevEnv\Projects\NEMO_vendor\NEMO\.venv\Lib\site-packages\django\template\base.py", line 938, in render
    bit = node.render_annotated(context)
          ^^^^^^^^^^^^^^^^^^^^^^^^^^^^^^
  File "C:\OITDevEnv\Projects\NEMO_vendor\NEMO\.venv\Lib\site-packages\django\template\base.py", line 905, in render_annotated
    return self.render(context)
           ^^^^^^^^^^^^^^^^^^^^
  File "C:\OITDevEnv\Projects\NEMO_vendor\NEMO\.venv\Lib\site-packages\django\template\loader_tags.py", line 62, in render
    result = block.nodelist.render(context)
             ^^^^^^^^^^^^^^^^^^^^^^^^^^^^^^
  File "C:\OITDevEnv\Projects\NEMO_vendor\NEMO\.venv\Lib\site-packages\django\template\base.py", line 938, in render
    bit = node.render_annotated(context)
          ^^^^^^^^^^^^^^^^^^^^^^^^^^^^^^
  File "C:\OITDevEnv\Projects\NEMO_vendor\NEMO\.venv\Lib\site-packages\django\template\base.py", line 905, in render_annotated
    return self.render(context)
           ^^^^^^^^^^^^^^^^^^^^
  File "C:\OITDevEnv\Projects\NEMO_vendor\NEMO\.venv\Lib\site-packages\django\template\base.py", line 988, in render
    output = self.filter_expression.resolve(context)
             ^^^^^^^^^^^^^^^^^^^^^^^^^^^^^^^^^^^^^^^
  File "C:\OITDevEnv\Projects\NEMO_vendor\NEMO\.venv\Lib\site-packages\django\template\base.py", line 671, in resolve
    obj = self.var.resolve(context)
          ^^^^^^^^^^^^^^^^^^^^^^^^^
  File "C:\OITDevEnv\Projects\NEMO_vendor\NEMO\.venv\Lib\site-packages\django\template\base.py", line 796, in resolve
    value = self._resolve_lookup(context)
            ^^^^^^^^^^^^^^^^^^^^^^^^^^^^^
  File "C:\OITDevEnv\Projects\NEMO_vendor\NEMO\.venv\Lib\site-packages\django\template\base.py", line 858, in _resolve_lookup
    current = current()
              ^^^^^^^^^
  File "C:\OITDevEnv\Projects\NEMO_vendor\NEMO\NEMO\models.py", line 2524, in can_swap_user
    if "TEM-" in self.tool.name:
                 ^^^^^^^^^^^^^^
AttributeError: 'NoneType' object has no attribute 'name'
ERROR 09/Nov/2023 15:32:02 basehttp 9948 4844 "GET /event_details/reservation/10/?popup_view=true HTTP/1.1" 500 189965
ERROR 09/Nov/2023 15:32:11 basehttp 9948 15312 "GET /event_details/reservation/9/?popup_view=true HTTP/1.1" 500 189922
WARNING 09/Nov/2023 15:51:16 basehttp 7736 9368 "GET /reservation_details/10 HTTP/1.1" 404 40437
WARNING 09/Nov/2023 15:51:34 basehttp 7736 9368 "GET /reservation/10 HTTP/1.1" 404 40413
ERROR 09/Nov/2023 16:29:39 log 6600 10956 Internal Server Error: /event_details/reservation/9/
Traceback (most recent call last):
  File "C:\OITDevEnv\Projects\NEMO_vendor\NEMO\.venv\Lib\site-packages\django\core\handlers\exception.py", line 47, in inner
    response = get_response(request)
               ^^^^^^^^^^^^^^^^^^^^^
  File "C:\OITDevEnv\Projects\NEMO_vendor\NEMO\.venv\Lib\site-packages\django\core\handlers\base.py", line 181, in _get_response
    response = wrapped_callback(request, *callback_args, **callback_kwargs)
               ^^^^^^^^^^^^^^^^^^^^^^^^^^^^^^^^^^^^^^^^^^^^^^^^^^^^^^^^^^^^
  File "C:\OITDevEnv\Projects\NEMO_vendor\NEMO\.venv\Lib\site-packages\django\contrib\auth\decorators.py", line 21, in _wrapped_view
    return view_func(request, *args, **kwargs)
           ^^^^^^^^^^^^^^^^^^^^^^^^^^^^^^^^^^^
  File "C:\OITDevEnv\Projects\NEMO_vendor\NEMO\.venv\Lib\site-packages\django\views\decorators\http.py", line 40, in inner
    return func(request, *args, **kwargs)
           ^^^^^^^^^^^^^^^^^^^^^^^^^^^^^^
  File "C:\OITDevEnv\Projects\NEMO_vendor\NEMO\NEMO\views\event_details.py", line 34, in reservation_details
    return render(request, "event_details/reservation_details.html", template_data)
           ^^^^^^^^^^^^^^^^^^^^^^^^^^^^^^^^^^^^^^^^^^^^^^^^^^^^^^^^^^^^^^^^^^^^^^^^
  File "C:\OITDevEnv\Projects\NEMO_vendor\NEMO\.venv\Lib\site-packages\django\shortcuts.py", line 19, in render
    content = loader.render_to_string(template_name, context, request, using=using)
              ^^^^^^^^^^^^^^^^^^^^^^^^^^^^^^^^^^^^^^^^^^^^^^^^^^^^^^^^^^^^^^^^^^^^^
  File "C:\OITDevEnv\Projects\NEMO_vendor\NEMO\.venv\Lib\site-packages\django\template\loader.py", line 62, in render_to_string
    return template.render(context, request)
           ^^^^^^^^^^^^^^^^^^^^^^^^^^^^^^^^^
  File "C:\OITDevEnv\Projects\NEMO_vendor\NEMO\.venv\Lib\site-packages\django\template\backends\django.py", line 61, in render
    return self.template.render(context)
           ^^^^^^^^^^^^^^^^^^^^^^^^^^^^^
  File "C:\OITDevEnv\Projects\NEMO_vendor\NEMO\.venv\Lib\site-packages\django\template\base.py", line 170, in render
    return self._render(context)
           ^^^^^^^^^^^^^^^^^^^^^
  File "C:\OITDevEnv\Projects\NEMO_vendor\NEMO\.venv\Lib\site-packages\django\template\base.py", line 162, in _render
    return self.nodelist.render(context)
           ^^^^^^^^^^^^^^^^^^^^^^^^^^^^^
  File "C:\OITDevEnv\Projects\NEMO_vendor\NEMO\.venv\Lib\site-packages\django\template\base.py", line 938, in render
    bit = node.render_annotated(context)
          ^^^^^^^^^^^^^^^^^^^^^^^^^^^^^^
  File "C:\OITDevEnv\Projects\NEMO_vendor\NEMO\.venv\Lib\site-packages\django\template\base.py", line 905, in render_annotated
    return self.render(context)
           ^^^^^^^^^^^^^^^^^^^^
  File "C:\OITDevEnv\Projects\NEMO_vendor\NEMO\.venv\Lib\site-packages\django\template\loader_tags.py", line 150, in render
    return compiled_parent._render(context)
           ^^^^^^^^^^^^^^^^^^^^^^^^^^^^^^^^
  File "C:\OITDevEnv\Projects\NEMO_vendor\NEMO\.venv\Lib\site-packages\django\template\base.py", line 162, in _render
    return self.nodelist.render(context)
           ^^^^^^^^^^^^^^^^^^^^^^^^^^^^^
  File "C:\OITDevEnv\Projects\NEMO_vendor\NEMO\.venv\Lib\site-packages\django\template\base.py", line 938, in render
    bit = node.render_annotated(context)
          ^^^^^^^^^^^^^^^^^^^^^^^^^^^^^^
  File "C:\OITDevEnv\Projects\NEMO_vendor\NEMO\.venv\Lib\site-packages\django\template\base.py", line 905, in render_annotated
    return self.render(context)
           ^^^^^^^^^^^^^^^^^^^^
  File "C:\OITDevEnv\Projects\NEMO_vendor\NEMO\.venv\Lib\site-packages\django\template\loader_tags.py", line 62, in render
    result = block.nodelist.render(context)
             ^^^^^^^^^^^^^^^^^^^^^^^^^^^^^^
  File "C:\OITDevEnv\Projects\NEMO_vendor\NEMO\.venv\Lib\site-packages\django\template\base.py", line 938, in render
    bit = node.render_annotated(context)
          ^^^^^^^^^^^^^^^^^^^^^^^^^^^^^^
  File "C:\OITDevEnv\Projects\NEMO_vendor\NEMO\.venv\Lib\site-packages\django\template\base.py", line 905, in render_annotated
    return self.render(context)
           ^^^^^^^^^^^^^^^^^^^^
  File "C:\OITDevEnv\Projects\NEMO_vendor\NEMO\.venv\Lib\site-packages\django\template\base.py", line 988, in render
    output = self.filter_expression.resolve(context)
             ^^^^^^^^^^^^^^^^^^^^^^^^^^^^^^^^^^^^^^^
  File "C:\OITDevEnv\Projects\NEMO_vendor\NEMO\.venv\Lib\site-packages\django\template\base.py", line 698, in resolve
    new_obj = func(obj, *arg_vals)
              ^^^^^^^^^^^^^^^^^^^^
  File "C:\OITDevEnv\Projects\NEMO_vendor\NEMO\NEMO\templatetags\custom_tags_and_filters.py", line 67, in json_search_base
    result += '{{"name":"{0}", "id":{1}}},'.format(escape(display_value), item.id)
                                                                          ^^^^^^^
AttributeError: 'str' object has no attribute 'id'
ERROR 09/Nov/2023 16:29:43 basehttp 6600 10956 "GET /event_details/reservation/9/?popup_view=true HTTP/1.1" 500 186437
ERROR 09/Nov/2023 16:29:43 log 6600 1432 Internal Server Error: /event_details/reservation/9/
Traceback (most recent call last):
  File "C:\OITDevEnv\Projects\NEMO_vendor\NEMO\.venv\Lib\site-packages\django\core\handlers\exception.py", line 47, in inner
    response = get_response(request)
               ^^^^^^^^^^^^^^^^^^^^^
  File "C:\OITDevEnv\Projects\NEMO_vendor\NEMO\.venv\Lib\site-packages\django\core\handlers\base.py", line 181, in _get_response
    response = wrapped_callback(request, *callback_args, **callback_kwargs)
               ^^^^^^^^^^^^^^^^^^^^^^^^^^^^^^^^^^^^^^^^^^^^^^^^^^^^^^^^^^^^
  File "C:\OITDevEnv\Projects\NEMO_vendor\NEMO\.venv\Lib\site-packages\django\contrib\auth\decorators.py", line 21, in _wrapped_view
    return view_func(request, *args, **kwargs)
           ^^^^^^^^^^^^^^^^^^^^^^^^^^^^^^^^^^^
  File "C:\OITDevEnv\Projects\NEMO_vendor\NEMO\.venv\Lib\site-packages\django\views\decorators\http.py", line 40, in inner
    return func(request, *args, **kwargs)
           ^^^^^^^^^^^^^^^^^^^^^^^^^^^^^^
  File "C:\OITDevEnv\Projects\NEMO_vendor\NEMO\NEMO\views\event_details.py", line 34, in reservation_details
    return render(request, "event_details/reservation_details.html", template_data)
           ^^^^^^^^^^^^^^^^^^^^^^^^^^^^^^^^^^^^^^^^^^^^^^^^^^^^^^^^^^^^^^^^^^^^^^^^
  File "C:\OITDevEnv\Projects\NEMO_vendor\NEMO\.venv\Lib\site-packages\django\shortcuts.py", line 19, in render
    content = loader.render_to_string(template_name, context, request, using=using)
              ^^^^^^^^^^^^^^^^^^^^^^^^^^^^^^^^^^^^^^^^^^^^^^^^^^^^^^^^^^^^^^^^^^^^^
  File "C:\OITDevEnv\Projects\NEMO_vendor\NEMO\.venv\Lib\site-packages\django\template\loader.py", line 62, in render_to_string
    return template.render(context, request)
           ^^^^^^^^^^^^^^^^^^^^^^^^^^^^^^^^^
  File "C:\OITDevEnv\Projects\NEMO_vendor\NEMO\.venv\Lib\site-packages\django\template\backends\django.py", line 61, in render
    return self.template.render(context)
           ^^^^^^^^^^^^^^^^^^^^^^^^^^^^^
  File "C:\OITDevEnv\Projects\NEMO_vendor\NEMO\.venv\Lib\site-packages\django\template\base.py", line 170, in render
    return self._render(context)
           ^^^^^^^^^^^^^^^^^^^^^
  File "C:\OITDevEnv\Projects\NEMO_vendor\NEMO\.venv\Lib\site-packages\django\template\base.py", line 162, in _render
    return self.nodelist.render(context)
           ^^^^^^^^^^^^^^^^^^^^^^^^^^^^^
  File "C:\OITDevEnv\Projects\NEMO_vendor\NEMO\.venv\Lib\site-packages\django\template\base.py", line 938, in render
    bit = node.render_annotated(context)
          ^^^^^^^^^^^^^^^^^^^^^^^^^^^^^^
  File "C:\OITDevEnv\Projects\NEMO_vendor\NEMO\.venv\Lib\site-packages\django\template\base.py", line 905, in render_annotated
    return self.render(context)
           ^^^^^^^^^^^^^^^^^^^^
  File "C:\OITDevEnv\Projects\NEMO_vendor\NEMO\.venv\Lib\site-packages\django\template\loader_tags.py", line 150, in render
    return compiled_parent._render(context)
           ^^^^^^^^^^^^^^^^^^^^^^^^^^^^^^^^
  File "C:\OITDevEnv\Projects\NEMO_vendor\NEMO\.venv\Lib\site-packages\django\template\base.py", line 162, in _render
    return self.nodelist.render(context)
           ^^^^^^^^^^^^^^^^^^^^^^^^^^^^^
  File "C:\OITDevEnv\Projects\NEMO_vendor\NEMO\.venv\Lib\site-packages\django\template\base.py", line 938, in render
    bit = node.render_annotated(context)
          ^^^^^^^^^^^^^^^^^^^^^^^^^^^^^^
  File "C:\OITDevEnv\Projects\NEMO_vendor\NEMO\.venv\Lib\site-packages\django\template\base.py", line 905, in render_annotated
    return self.render(context)
           ^^^^^^^^^^^^^^^^^^^^
  File "C:\OITDevEnv\Projects\NEMO_vendor\NEMO\.venv\Lib\site-packages\django\template\loader_tags.py", line 62, in render
    result = block.nodelist.render(context)
             ^^^^^^^^^^^^^^^^^^^^^^^^^^^^^^
  File "C:\OITDevEnv\Projects\NEMO_vendor\NEMO\.venv\Lib\site-packages\django\template\base.py", line 938, in render
    bit = node.render_annotated(context)
          ^^^^^^^^^^^^^^^^^^^^^^^^^^^^^^
  File "C:\OITDevEnv\Projects\NEMO_vendor\NEMO\.venv\Lib\site-packages\django\template\base.py", line 905, in render_annotated
    return self.render(context)
           ^^^^^^^^^^^^^^^^^^^^
  File "C:\OITDevEnv\Projects\NEMO_vendor\NEMO\.venv\Lib\site-packages\django\template\base.py", line 988, in render
    output = self.filter_expression.resolve(context)
             ^^^^^^^^^^^^^^^^^^^^^^^^^^^^^^^^^^^^^^^
  File "C:\OITDevEnv\Projects\NEMO_vendor\NEMO\.venv\Lib\site-packages\django\template\base.py", line 698, in resolve
    new_obj = func(obj, *arg_vals)
              ^^^^^^^^^^^^^^^^^^^^
  File "C:\OITDevEnv\Projects\NEMO_vendor\NEMO\NEMO\templatetags\custom_tags_and_filters.py", line 67, in json_search_base
    result += '{{"name":"{0}", "id":{1}}},'.format(escape(display_value), item.id)
                                                                          ^^^^^^^
AttributeError: 'str' object has no attribute 'id'
ERROR 09/Nov/2023 16:29:51 basehttp 6600 1432 "GET /event_details/reservation/9/?popup_view=true HTTP/1.1" 500 186437
ERROR 09/Nov/2023 16:30:30 log 6600 10956 Internal Server Error: /event_details/reservation/10/
Traceback (most recent call last):
  File "C:\OITDevEnv\Projects\NEMO_vendor\NEMO\.venv\Lib\site-packages\django\core\handlers\exception.py", line 47, in inner
    response = get_response(request)
               ^^^^^^^^^^^^^^^^^^^^^
  File "C:\OITDevEnv\Projects\NEMO_vendor\NEMO\.venv\Lib\site-packages\django\core\handlers\base.py", line 181, in _get_response
    response = wrapped_callback(request, *callback_args, **callback_kwargs)
               ^^^^^^^^^^^^^^^^^^^^^^^^^^^^^^^^^^^^^^^^^^^^^^^^^^^^^^^^^^^^
  File "C:\OITDevEnv\Projects\NEMO_vendor\NEMO\.venv\Lib\site-packages\django\contrib\auth\decorators.py", line 21, in _wrapped_view
    return view_func(request, *args, **kwargs)
           ^^^^^^^^^^^^^^^^^^^^^^^^^^^^^^^^^^^
  File "C:\OITDevEnv\Projects\NEMO_vendor\NEMO\.venv\Lib\site-packages\django\views\decorators\http.py", line 40, in inner
    return func(request, *args, **kwargs)
           ^^^^^^^^^^^^^^^^^^^^^^^^^^^^^^
  File "C:\OITDevEnv\Projects\NEMO_vendor\NEMO\NEMO\views\event_details.py", line 34, in reservation_details
    return render(request, "event_details/reservation_details.html", template_data)
           ^^^^^^^^^^^^^^^^^^^^^^^^^^^^^^^^^^^^^^^^^^^^^^^^^^^^^^^^^^^^^^^^^^^^^^^^
  File "C:\OITDevEnv\Projects\NEMO_vendor\NEMO\.venv\Lib\site-packages\django\shortcuts.py", line 19, in render
    content = loader.render_to_string(template_name, context, request, using=using)
              ^^^^^^^^^^^^^^^^^^^^^^^^^^^^^^^^^^^^^^^^^^^^^^^^^^^^^^^^^^^^^^^^^^^^^
  File "C:\OITDevEnv\Projects\NEMO_vendor\NEMO\.venv\Lib\site-packages\django\template\loader.py", line 62, in render_to_string
    return template.render(context, request)
           ^^^^^^^^^^^^^^^^^^^^^^^^^^^^^^^^^
  File "C:\OITDevEnv\Projects\NEMO_vendor\NEMO\.venv\Lib\site-packages\django\template\backends\django.py", line 61, in render
    return self.template.render(context)
           ^^^^^^^^^^^^^^^^^^^^^^^^^^^^^
  File "C:\OITDevEnv\Projects\NEMO_vendor\NEMO\.venv\Lib\site-packages\django\template\base.py", line 170, in render
    return self._render(context)
           ^^^^^^^^^^^^^^^^^^^^^
  File "C:\OITDevEnv\Projects\NEMO_vendor\NEMO\.venv\Lib\site-packages\django\template\base.py", line 162, in _render
    return self.nodelist.render(context)
           ^^^^^^^^^^^^^^^^^^^^^^^^^^^^^
  File "C:\OITDevEnv\Projects\NEMO_vendor\NEMO\.venv\Lib\site-packages\django\template\base.py", line 938, in render
    bit = node.render_annotated(context)
          ^^^^^^^^^^^^^^^^^^^^^^^^^^^^^^
  File "C:\OITDevEnv\Projects\NEMO_vendor\NEMO\.venv\Lib\site-packages\django\template\base.py", line 905, in render_annotated
    return self.render(context)
           ^^^^^^^^^^^^^^^^^^^^
  File "C:\OITDevEnv\Projects\NEMO_vendor\NEMO\.venv\Lib\site-packages\django\template\loader_tags.py", line 150, in render
    return compiled_parent._render(context)
           ^^^^^^^^^^^^^^^^^^^^^^^^^^^^^^^^
  File "C:\OITDevEnv\Projects\NEMO_vendor\NEMO\.venv\Lib\site-packages\django\template\base.py", line 162, in _render
    return self.nodelist.render(context)
           ^^^^^^^^^^^^^^^^^^^^^^^^^^^^^
  File "C:\OITDevEnv\Projects\NEMO_vendor\NEMO\.venv\Lib\site-packages\django\template\base.py", line 938, in render
    bit = node.render_annotated(context)
          ^^^^^^^^^^^^^^^^^^^^^^^^^^^^^^
  File "C:\OITDevEnv\Projects\NEMO_vendor\NEMO\.venv\Lib\site-packages\django\template\base.py", line 905, in render_annotated
    return self.render(context)
           ^^^^^^^^^^^^^^^^^^^^
  File "C:\OITDevEnv\Projects\NEMO_vendor\NEMO\.venv\Lib\site-packages\django\template\loader_tags.py", line 62, in render
    result = block.nodelist.render(context)
             ^^^^^^^^^^^^^^^^^^^^^^^^^^^^^^
  File "C:\OITDevEnv\Projects\NEMO_vendor\NEMO\.venv\Lib\site-packages\django\template\base.py", line 938, in render
    bit = node.render_annotated(context)
          ^^^^^^^^^^^^^^^^^^^^^^^^^^^^^^
  File "C:\OITDevEnv\Projects\NEMO_vendor\NEMO\.venv\Lib\site-packages\django\template\base.py", line 905, in render_annotated
    return self.render(context)
           ^^^^^^^^^^^^^^^^^^^^
  File "C:\OITDevEnv\Projects\NEMO_vendor\NEMO\.venv\Lib\site-packages\django\template\base.py", line 988, in render
    output = self.filter_expression.resolve(context)
             ^^^^^^^^^^^^^^^^^^^^^^^^^^^^^^^^^^^^^^^
  File "C:\OITDevEnv\Projects\NEMO_vendor\NEMO\.venv\Lib\site-packages\django\template\base.py", line 698, in resolve
    new_obj = func(obj, *arg_vals)
              ^^^^^^^^^^^^^^^^^^^^
  File "C:\OITDevEnv\Projects\NEMO_vendor\NEMO\NEMO\templatetags\custom_tags_and_filters.py", line 67, in json_search_base
    result += '{{"name":"{0}", "id":{1}}},'.format(escape(display_value), item.id)
                                                                          ^^^^^^^
AttributeError: 'str' object has no attribute 'id'
ERROR 09/Nov/2023 16:30:35 basehttp 6600 10956 "GET /event_details/reservation/10/?popup_view=true HTTP/1.1" 500 186214
ERROR 09/Nov/2023 16:36:15 log 14660 7576 Internal Server Error: /event_details/reservation/10/
Traceback (most recent call last):
  File "C:\OITDevEnv\Projects\NEMO_vendor\NEMO\.venv\Lib\site-packages\django\core\handlers\exception.py", line 47, in inner
    response = get_response(request)
               ^^^^^^^^^^^^^^^^^^^^^
  File "C:\OITDevEnv\Projects\NEMO_vendor\NEMO\.venv\Lib\site-packages\django\core\handlers\base.py", line 181, in _get_response
    response = wrapped_callback(request, *callback_args, **callback_kwargs)
               ^^^^^^^^^^^^^^^^^^^^^^^^^^^^^^^^^^^^^^^^^^^^^^^^^^^^^^^^^^^^
  File "C:\OITDevEnv\Projects\NEMO_vendor\NEMO\.venv\Lib\site-packages\django\contrib\auth\decorators.py", line 21, in _wrapped_view
    return view_func(request, *args, **kwargs)
           ^^^^^^^^^^^^^^^^^^^^^^^^^^^^^^^^^^^
  File "C:\OITDevEnv\Projects\NEMO_vendor\NEMO\.venv\Lib\site-packages\django\views\decorators\http.py", line 40, in inner
    return func(request, *args, **kwargs)
           ^^^^^^^^^^^^^^^^^^^^^^^^^^^^^^
  File "C:\OITDevEnv\Projects\NEMO_vendor\NEMO\NEMO\views\event_details.py", line 60, in reservation_details
    | (Q(groups__name__istartswith=reservation.tool.name) & Q(groups__name__iendswith="24/7 User"))
                                   ^^^^^^^^^^^^^^^^^^^^^
AttributeError: 'NoneType' object has no attribute 'name'
ERROR 09/Nov/2023 16:36:20 basehttp 14660 7576 "GET /event_details/reservation/10/?popup_view=true HTTP/1.1" 500 95728
ERROR 09/Nov/2023 16:39:46 calendar 488 8964 User created reservation notification could not be send because user_office_email_address is not defined
WARNING 13/Nov/2023 08:35:49 basehttp 828 3360 "GET /favicon.ico HTTP/1.1" 404 40404
ERROR 13/Nov/2023 08:36:48 calendar 828 9732 User created reservation notification could not be send because user_office_email_address is not defined
ERROR 13/Nov/2023 08:37:19 calendar 828 9732 User created reservation notification could not be send because user_office_email_address is not defined
ERROR 13/Nov/2023 08:39:04 calendar 828 9732 User created reservation notification could not be send because user_office_email_address is not defined
ERROR 13/Nov/2023 08:50:05 log 14200 8852 Internal Server Error: /event_details/reservation/16/
Traceback (most recent call last):
  File "C:\OITDevEnv\Projects\NEMO_vendor\NEMO\.venv\Lib\site-packages\django\core\handlers\exception.py", line 47, in inner
    response = get_response(request)
               ^^^^^^^^^^^^^^^^^^^^^
  File "C:\OITDevEnv\Projects\NEMO_vendor\NEMO\.venv\Lib\site-packages\django\core\handlers\base.py", line 181, in _get_response
    response = wrapped_callback(request, *callback_args, **callback_kwargs)
               ^^^^^^^^^^^^^^^^^^^^^^^^^^^^^^^^^^^^^^^^^^^^^^^^^^^^^^^^^^^^
  File "C:\OITDevEnv\Projects\NEMO_vendor\NEMO\.venv\Lib\site-packages\django\contrib\auth\decorators.py", line 21, in _wrapped_view
    return view_func(request, *args, **kwargs)
           ^^^^^^^^^^^^^^^^^^^^^^^^^^^^^^^^^^^
  File "C:\OITDevEnv\Projects\NEMO_vendor\NEMO\.venv\Lib\site-packages\django\views\decorators\http.py", line 40, in inner
    return func(request, *args, **kwargs)
           ^^^^^^^^^^^^^^^^^^^^^^^^^^^^^^
  File "C:\OITDevEnv\Projects\NEMO_vendor\NEMO\NEMO\views\event_details.py", line 59, in reservation_details
    | (Q(groups__name__istartswith=reservation.tool.name) & Q(groups__name__iendswith="24/7 User"))
                                   ^^^^^^^^^^^^^^^^^^^^^
AttributeError: 'NoneType' object has no attribute 'name'
ERROR 13/Nov/2023 08:50:09 basehttp 14200 8852 "GET /event_details/reservation/16/?popup_view=true HTTP/1.1" 500 95588
ERROR 13/Nov/2023 08:50:09 log 14200 12192 Internal Server Error: /event_details/reservation/16/
Traceback (most recent call last):
  File "C:\OITDevEnv\Projects\NEMO_vendor\NEMO\.venv\Lib\site-packages\django\core\handlers\exception.py", line 47, in inner
    response = get_response(request)
               ^^^^^^^^^^^^^^^^^^^^^
  File "C:\OITDevEnv\Projects\NEMO_vendor\NEMO\.venv\Lib\site-packages\django\core\handlers\base.py", line 181, in _get_response
    response = wrapped_callback(request, *callback_args, **callback_kwargs)
               ^^^^^^^^^^^^^^^^^^^^^^^^^^^^^^^^^^^^^^^^^^^^^^^^^^^^^^^^^^^^
  File "C:\OITDevEnv\Projects\NEMO_vendor\NEMO\.venv\Lib\site-packages\django\contrib\auth\decorators.py", line 21, in _wrapped_view
    return view_func(request, *args, **kwargs)
           ^^^^^^^^^^^^^^^^^^^^^^^^^^^^^^^^^^^
  File "C:\OITDevEnv\Projects\NEMO_vendor\NEMO\.venv\Lib\site-packages\django\views\decorators\http.py", line 40, in inner
    return func(request, *args, **kwargs)
           ^^^^^^^^^^^^^^^^^^^^^^^^^^^^^^
  File "C:\OITDevEnv\Projects\NEMO_vendor\NEMO\NEMO\views\event_details.py", line 59, in reservation_details
    | (Q(groups__name__istartswith=reservation.tool.name) & Q(groups__name__iendswith="24/7 User"))
                                   ^^^^^^^^^^^^^^^^^^^^^
AttributeError: 'NoneType' object has no attribute 'name'
ERROR 13/Nov/2023 08:50:17 basehttp 14200 12192 "GET /event_details/reservation/16/?popup_view=true HTTP/1.1" 500 95588
ERROR 13/Nov/2023 08:58:05 log 13124 14780 Internal Server Error: /event_details/reservation/18/
Traceback (most recent call last):
  File "C:\OITDevEnv\Projects\NEMO_vendor\NEMO\.venv\Lib\site-packages\django\core\handlers\exception.py", line 47, in inner
    response = get_response(request)
               ^^^^^^^^^^^^^^^^^^^^^
  File "C:\OITDevEnv\Projects\NEMO_vendor\NEMO\.venv\Lib\site-packages\django\core\handlers\base.py", line 181, in _get_response
    response = wrapped_callback(request, *callback_args, **callback_kwargs)
               ^^^^^^^^^^^^^^^^^^^^^^^^^^^^^^^^^^^^^^^^^^^^^^^^^^^^^^^^^^^^
  File "C:\OITDevEnv\Projects\NEMO_vendor\NEMO\.venv\Lib\site-packages\django\contrib\auth\decorators.py", line 21, in _wrapped_view
    return view_func(request, *args, **kwargs)
           ^^^^^^^^^^^^^^^^^^^^^^^^^^^^^^^^^^^
  File "C:\OITDevEnv\Projects\NEMO_vendor\NEMO\.venv\Lib\site-packages\django\views\decorators\http.py", line 40, in inner
    return func(request, *args, **kwargs)
           ^^^^^^^^^^^^^^^^^^^^^^^^^^^^^^
  File "C:\OITDevEnv\Projects\NEMO_vendor\NEMO\NEMO\views\event_details.py", line 58, in reservation_details
    | (Q(groups__name__istartswith=reservation.tool.name) & Q(groups__name__iendswith="24/7 User"))
                                   ^^^^^^^^^^^^^^^^^^^^^
AttributeError: 'NoneType' object has no attribute 'name'
ERROR 13/Nov/2023 08:58:09 basehttp 13124 14780 "GET /event_details/reservation/18/?popup_view=true HTTP/1.1" 500 95412
